<?xml version="1.0" encoding="UTF-8"?>
<beans xmlns="http://www.springframework.org/schema/beans"
	xmlns:xsi="http://www.w3.org/2001/XMLSchema-instance" 
	xmlns:context="http://www.springframework.org/schema/context"
	xsi:schemaLocation="http://www.springframework.org/schema/beans http://www.springframework.org/schema/beans/spring-beans-3.2.xsd 
						http://www.springframework.org/schema/context http://www.springframework.org/schema/context/spring-context-3.2.xsd">

	<context:annotation-config />

	<bean id="propertyPlaceholderConfigurer"
		class="org.rosuda.util.spring.OSDependantEncryptablePropertyPlaceholderConfigurer">
		<constructor-arg ref="configurationEncryptor" />
		<property name="location" value="resources.properties" />
	</bean>

	<bean id="configurationEncryptor" class="org.jasypt.encryption.pbe.StandardPBEStringEncryptor">
		<property name="config" ref="environmentVariablesConfiguration" />
	</bean>

	<bean id="environmentVariablesConfiguration"
		class="org.jasypt.encryption.pbe.config.EnvironmentStringPBEConfig">
		<property name="algorithm" value="PBEWithMD5AndDES" />
		<property name="password" value="default" />
	</bean>

	<bean id="demoBean"
		class="org.rosuda.util.spring.OSDependantEncryptablePropertyPlaceHolderConfigurerTest$DemoBean">
		<property name="plainValue" value="${plainValue}"/>
		<property name="encValue" value="${encValue}"/>
	</bean>
</beans>